<?xml version="1.0" encoding="UTF-8"?>
<testsuite name="com.comibird.web.dto.HelloResponseDtoTest" tests="1" skipped="0" failures="0" errors="0" timestamp="2023-06-10T06:35:42" hostname="MacBook-Pro-14.local" time="0.02">
  <properties/>
  <testcase name="롬복_기본_기능_테ㅅ트" classname="com.comibird.web.dto.HelloResponseDtoTest" time="0.02"/>
  <system-out><![CDATA[]]></system-out>
  <system-err><![CDATA[]]></system-err>
</testsuite>
